
00000000  Starting Alloy Analyzer command line interface

    * CLI version             : 1.6.2rc3
    * Alloy version           : 4.1.10
    * Input spec file         : /Users/fmolina/phd/software/alloy-learning/field-exhaustive-gen/learning-spec/BinaryTreeDYN3.als
    * Guigna bounds hack      : enabled

00000018  Parsing and typechecking

    * Command type            : run
    * Command label           : NegativeCounterExample

00000182  Translating Alloy to Kodkod

    * Solver                  : cnf
    * Bit width               : 4
    * Max sequence            : 5
    * Skolem depth            : 0
    * Symmbreaking            : 20

00000236  Translating Kodkod to CNF + BED + rels

    * BED output file         : /Users/fmolina/phd/software/alloy-learning/field-exhaustive-gen/learning-spec/BinaryTreeDYN3.als.bed
    * Rels output file        : /Users/fmolina/phd/software/alloy-learning/field-exhaustive-gen/learning-spec/BinaryTreeDYN3.als.rels

00000462  Solving

    * Primary vars            : 366
    * Total vars              : 5234
    * Clauses                 : 13506
    * CNF output file         : /var/folders/wp/bxq9ttq13vv_8zmjbqlylfqh0000gn/T/tmp7992913254412904137.cnf

00000463  Translation finished

