
00000000  Starting Alloy Analyzer command line interface

    * CLI version             : 1.6.2rc3
    * Alloy version           : 4.1.10
    * Input spec file         : /Users/fmolina/phd/software/alloy-learning/field-exhaustive-gen/learning-spec/BinaryHeapDYN3.als
    * Guigna bounds hack      : enabled

00000020  Parsing and typechecking

    * Command type            : run
    * Command label           : NegativeCounterExample

00000176  Translating Alloy to Kodkod

    * Solver                  : cnf
    * Bit width               : 3
    * Max sequence            : 3
    * Skolem depth            : 0
    * Symmbreaking            : 20

00000252  Translating Kodkod to CNF + BED + rels

    * BED output file         : /Users/fmolina/phd/software/alloy-learning/field-exhaustive-gen/learning-spec/BinaryHeapDYN3.als.bed
    * Rels output file        : /Users/fmolina/phd/software/alloy-learning/field-exhaustive-gen/learning-spec/BinaryHeapDYN3.als.rels

00000410  Solving

    * Primary vars            : 146
    * Total vars              : 2827
    * Clauses                 : 7405
    * CNF output file         : /var/folders/wp/bxq9ttq13vv_8zmjbqlylfqh0000gn/T/tmp2897170528329285363.cnf

00000411  Translation finished

