
00000000  Starting Alloy Analyzer command line interface

    * CLI version             : 1.6.2rc3
    * Alloy version           : 4.1.10
    * Input spec file         : /Users/fmolina/phd/software/alloy-learning/field-exhaustive-gen/learning-spec/BinaryTreeDYN5.als
    * Guigna bounds hack      : enabled

00000018  Parsing and typechecking

    * Command type            : run
    * Command label           : NegativeCounterExample

00000192  Translating Alloy to Kodkod

    * Solver                  : cnf
    * Bit width               : 4
    * Max sequence            : 5
    * Skolem depth            : 0
    * Symmbreaking            : 20

00000247  Translating Kodkod to CNF + BED + rels

    * BED output file         : /Users/fmolina/phd/software/alloy-learning/field-exhaustive-gen/learning-spec/BinaryTreeDYN5.als.bed
    * Rels output file        : /Users/fmolina/phd/software/alloy-learning/field-exhaustive-gen/learning-spec/BinaryTreeDYN5.als.rels

00000487  Solving

    * Primary vars            : 366
    * Total vars              : 5036
    * Clauses                 : 11717
    * CNF output file         : /var/folders/wp/bxq9ttq13vv_8zmjbqlylfqh0000gn/T/tmp5173880667772032851.cnf

00000488  Translation finished

