
00000000  Starting Alloy Analyzer command line interface

    * CLI version             : 1.6.2rc3
    * Alloy version           : 4.1.10
    * Input spec file         : /Users/fmolina/phd/software/alloy-learning/field-exhaustive-gen/learning-spec/DoublyLinkedListDYN3.als
    * Guigna bounds hack      : enabled

00000019  Parsing and typechecking

    * Command type            : run
    * Command label           : NegativeCounterExample

00000170  Translating Alloy to Kodkod

    * Solver                  : cnf
    * Bit width               : 3
    * Max sequence            : 3
    * Skolem depth            : 0
    * Symmbreaking            : 20

00000224  Translating Kodkod to CNF + BED + rels

    * BED output file         : /Users/fmolina/phd/software/alloy-learning/field-exhaustive-gen/learning-spec/DoublyLinkedListDYN3.als.bed
    * Rels output file        : /Users/fmolina/phd/software/alloy-learning/field-exhaustive-gen/learning-spec/DoublyLinkedListDYN3.als.rels

00000373  Solving

    * Primary vars            : 142
    * Total vars              : 1432
    * Clauses                 : 3075
    * CNF output file         : /var/folders/wp/bxq9ttq13vv_8zmjbqlylfqh0000gn/T/tmp285794173366600471.cnf

00000374  Translation finished

