
00000000  Starting Alloy Analyzer command line interface

    * CLI version             : 1.6.2rc3
    * Alloy version           : 4.1.10
    * Input spec file         : /Users/fmolina/phd/software/alloy-learning/field-exhaustive-gen/learning-spec/RedBlackTreeWithoutPathsPropertyDYN5.als
    * Guigna bounds hack      : enabled

00000018  Parsing and typechecking

    * Command type            : run
    * Command label           : NegativeCounterExample

00000254  Translating Alloy to Kodkod

    * Solver                  : cnf
    * Bit width               : 5
    * Max sequence            : 5
    * Skolem depth            : 0
    * Symmbreaking            : 20

00000340  Translating Kodkod to CNF + BED + rels

    * BED output file         : /Users/fmolina/phd/software/alloy-learning/field-exhaustive-gen/learning-spec/RedBlackTreeWithoutPathsPropertyDYN5.als.bed
    * Rels output file        : /Users/fmolina/phd/software/alloy-learning/field-exhaustive-gen/learning-spec/RedBlackTreeWithoutPathsPropertyDYN5.als.rels

00000627  Solving

    * Primary vars            : 1192
    * Total vars              : 11828
    * Clauses                 : 31409
    * CNF output file         : /var/folders/wp/bxq9ttq13vv_8zmjbqlylfqh0000gn/T/tmp8247085018142666107.cnf

00000628  Translation finished

