
00000000  Starting Alloy Analyzer command line interface

    * CLI version             : 1.6.2rc3
    * Alloy version           : 4.1.10
    * Input spec file         : /Users/fmolina/phd/software/alloy-learning/field-exhaustive-gen/learning-spec/SinglyCircularListDYN3.als
    * Guigna bounds hack      : enabled

00000019  Parsing and typechecking

    * Command type            : run
    * Command label           : NegativeCounterExample

00000161  Translating Alloy to Kodkod

    * Solver                  : cnf
    * Bit width               : 3
    * Max sequence            : 3
    * Skolem depth            : 0
    * Symmbreaking            : 20

00000238  Translating Kodkod to CNF + BED + rels

    * BED output file         : /Users/fmolina/phd/software/alloy-learning/field-exhaustive-gen/learning-spec/SinglyCircularListDYN3.als.bed
    * Rels output file        : /Users/fmolina/phd/software/alloy-learning/field-exhaustive-gen/learning-spec/SinglyCircularListDYN3.als.rels

00000361  Solving

    * Primary vars            : 125
    * Total vars              : 1489
    * Clauses                 : 3619
    * CNF output file         : /var/folders/wp/bxq9ttq13vv_8zmjbqlylfqh0000gn/T/tmp8067369017638935047.cnf

00000362  Translation finished

